# JRE version: Java(TM) SE Runtime Environment (8.0_111-b14) (build 1.8.0_111-b14)
# Java VM: Java HotSpot(TM) 64-Bit Server VM (25.111-b14 mixed mode windows-amd64 compressed oops)
Heap:
 PSYoungGen      total 253952K, used 3292K [0x00000000d5c00000, 0x00000000e6200000, 0x0000000100000000)
  eden space 246784K, 1% used [0x00000000d5c00000,0x00000000d5f37070,0x00000000e4d00000)
  from space 7168K, 0% used [0x00000000e5b00000,0x00000000e5b00000,0x00000000e6200000)
  to   space 10752K, 0% used [0x00000000e4d00000,0x00000000e4d00000,0x00000000e5780000)
 ParOldGen       total 46080K, used 11775K [0x0000000081400000, 0x0000000084100000, 0x00000000d5c00000)
  object space 46080K, 25% used [0x0000000081400000,0x0000000081f7fd50,0x0000000084100000)
 Metaspace       used 32265K, capacity 34134K, committed 34432K, reserved 1083392K
  class space    used 4128K, capacity 4441K, committed 4480K, reserved 1048576K
GC Heap History (10 events):
Event: 7.018 GC heap before
{Heap before GC invocations=4 (full 0):
 PSYoungGen      total 38400K, used 38393K [0x00000000d5c00000, 0x00000000da700000, 0x0000000100000000)
  eden space 33280K, 100% used [0x00000000d5c00000,0x00000000d7c80000,0x00000000d7c80000)
  from space 5120K, 99% used [0x00000000d7c80000,0x00000000d817e4f0,0x00000000d8180000)
  to   space 5120K, 0% used [0x00000000da200000,0x00000000da200000,0x00000000da700000)
 ParOldGen       total 87552K, used 3906K [0x0000000081400000, 0x0000000086980000, 0x00000000d5c00000)
  object space 87552K, 4% used [0x0000000081400000,0x00000000817d09f0,0x0000000086980000)
 Metaspace       used 18173K, capacity 18904K, committed 19200K, reserved 1067008K
  class space    used 2301K, capacity 2454K, committed 2560K, reserved 1048576K
Event: 7.031 GC heap after
Heap after GC invocations=4 (full 0):
 PSYoungGen      total 71680K, used 4588K [0x00000000d5c00000, 0x00000000da700000, 0x0000000100000000)
  eden space 66560K, 0% used [0x00000000d5c00000,0x00000000d5c00000,0x00000000d9d00000)
  from space 5120K, 89% used [0x00000000da200000,0x00000000da67b210,0x00000000da700000)
  to   space 5120K, 0% used [0x00000000d9d00000,0x00000000d9d00000,0x00000000da200000)
 ParOldGen       total 87552K, used 3914K [0x0000000081400000, 0x0000000086980000, 0x00000000d5c00000)
  object space 87552K, 4% used [0x0000000081400000,0x00000000817d29f0,0x0000000086980000)
 Metaspace       used 18173K, capacity 18904K, committed 19200K, reserved 1067008K
  class space    used 2301K, capacity 2454K, committed 2560K, reserved 1048576K
}
Event: 7.901 GC heap before
{Heap before GC invocations=5 (full 0):
 PSYoungGen      total 71680K, used 71148K [0x00000000d5c00000, 0x00000000da700000, 0x0000000100000000)
  eden space 66560K, 100% used [0x00000000d5c00000,0x00000000d9d00000,0x00000000d9d00000)
  from space 5120K, 89% used [0x00000000da200000,0x00000000da67b210,0x00000000da700000)
  to   space 5120K, 0% used [0x00000000d9d00000,0x00000000d9d00000,0x00000000da200000)
 ParOldGen       total 87552K, used 3914K [0x0000000081400000, 0x0000000086980000, 0x00000000d5c00000)
  object space 87552K, 4% used [0x0000000081400000,0x00000000817d29f0,0x0000000086980000)
 Metaspace       used 19487K, capacity 20318K, committed 20608K, reserved 1067008K
  class space    used 2437K, capacity 2649K, committed 2688K, reserved 1048576K
Event: 7.912 GC heap after
Heap after GC invocations=5 (full 0):
 PSYoungGen      total 71680K, used 5096K [0x00000000d5c00000, 0x00000000def00000, 0x0000000100000000)
  eden space 66560K, 0% used [0x00000000d5c00000,0x00000000d5c00000,0x00000000d9d00000)
  from space 5120K, 99% used [0x00000000d9d00000,0x00000000da1fa110,0x00000000da200000)
  to   space 8704K, 0% used [0x00000000de680000,0x00000000de680000,0x00000000def00000)
 ParOldGen       total 87552K, used 5658K [0x0000000081400000, 0x0000000086980000, 0x00000000d5c00000)
  object space 87552K, 6% used [0x0000000081400000,0x0000000081986a78,0x0000000086980000)
 Metaspace       used 19487K, capacity 20318K, committed 20608K, reserved 1067008K
  class space    used 2437K, capacity 2649K, committed 2688K, reserved 1048576K
}
Event: 8.284 GC heap before
{Heap before GC invocations=6 (full 0):
 PSYoungGen      total 71680K, used 58195K [0x00000000d5c00000, 0x00000000def00000, 0x0000000100000000)
  eden space 66560K, 79% used [0x00000000d5c00000,0x00000000d8fdad68,0x00000000d9d00000)
  from space 5120K, 99% used [0x00000000d9d00000,0x00000000da1fa110,0x00000000da200000)
  to   space 8704K, 0% used [0x00000000de680000,0x00000000de680000,0x00000000def00000)
 ParOldGen       total 87552K, used 5658K [0x0000000081400000, 0x0000000086980000, 0x00000000d5c00000)
  object space 87552K, 6% used [0x0000000081400000,0x0000000081986a78,0x0000000086980000)
 Metaspace       used 20288K, capacity 21140K, committed 21248K, reserved 1067008K
  class space    used 2533K, capacity 2736K, committed 2816K, reserved 1048576K
Event: 8.298 GC heap after
Heap after GC invocations=6 (full 0):
 PSYoungGen      total 140800K, used 5900K [0x00000000d5c00000, 0x00000000dee00000, 0x0000000100000000)
  eden space 133120K, 0% used [0x00000000d5c00000,0x00000000d5c00000,0x00000000dde00000)
  from space 7680K, 76% used [0x00000000de680000,0x00000000dec433d8,0x00000000dee00000)
  to   space 8192K, 0% used [0x00000000dde00000,0x00000000dde00000,0x00000000de600000)
 ParOldGen       total 87552K, used 5666K [0x0000000081400000, 0x0000000086980000, 0x00000000d5c00000)
  object space 87552K, 6% used [0x0000000081400000,0x0000000081988a78,0x0000000086980000)
 Metaspace       used 20288K, capacity 21140K, committed 21248K, reserved 1067008K
  class space    used 2533K, capacity 2736K, committed 2816K, reserved 1048576K
}
Event: 8.298 GC heap before
{Heap before GC invocations=7 (full 1):
 PSYoungGen      total 140800K, used 5900K [0x00000000d5c00000, 0x00000000dee00000, 0x0000000100000000)
  eden space 133120K, 0% used [0x00000000d5c00000,0x00000000d5c00000,0x00000000dde00000)
  from space 7680K, 76% used [0x00000000de680000,0x00000000dec433d8,0x00000000dee00000)
  to   space 8192K, 0% used [0x00000000dde00000,0x00000000dde00000,0x00000000de600000)
 ParOldGen       total 87552K, used 5666K [0x0000000081400000, 0x0000000086980000, 0x00000000d5c00000)
  object space 87552K, 6% used [0x0000000081400000,0x0000000081988a78,0x0000000086980000)
 Metaspace       used 20288K, capacity 21140K, committed 21248K, reserved 1067008K
  class space    used 2533K, capacity 2736K, committed 2816K, reserved 1048576K
Event: 8.379 GC heap after
Heap after GC invocations=7 (full 1):
 PSYoungGen      total 140800K, used 0K [0x00000000d5c00000, 0x00000000dee00000, 0x0000000100000000)
  eden space 133120K, 0% used [0x00000000d5c00000,0x00000000d5c00000,0x00000000dde00000)
  from space 7680K, 0% used [0x00000000de680000,0x00000000de680000,0x00000000dee00000)
  to   space 8192K, 0% used [0x00000000dde00000,0x00000000dde00000,0x00000000de600000)
 ParOldGen       total 46080K, used 6086K [0x0000000081400000, 0x0000000084100000, 0x00000000d5c00000)
  object space 46080K, 13% used [0x0000000081400000,0x00000000819f1b28,0x0000000084100000)
 Metaspace       used 20286K, capacity 21134K, committed 21248K, reserved 1067008K
  class space    used 2532K, capacity 2735K, committed 2816K, reserved 1048576K
}
Event: 17.453 GC heap before
{Heap before GC invocations=8 (full 1):
 PSYoungGen      total 140800K, used 133120K [0x00000000d5c00000, 0x00000000dee00000, 0x0000000100000000)
  eden space 133120K, 100% used [0x00000000d5c00000,0x00000000dde00000,0x00000000dde00000)
  from space 7680K, 0% used [0x00000000de680000,0x00000000de680000,0x00000000dee00000)
  to   space 8192K, 0% used [0x00000000dde00000,0x00000000dde00000,0x00000000de600000)
 ParOldGen       total 46080K, used 6086K [0x0000000081400000, 0x0000000084100000, 0x00000000d5c00000)
  object space 46080K, 13% used [0x0000000081400000,0x00000000819f1b28,0x0000000084100000)
 Metaspace       used 30501K, capacity 32232K, committed 32512K, reserved 1077248K
  class space    used 3934K, capacity 4228K, committed 4352K, reserved 1048576K
Event: 17.472 GC heap after
Heap after GC invocations=8 (full 1):
 PSYoungGen      total 141312K, used 8182K [0x00000000d5c00000, 0x00000000e6580000, 0x0000000100000000)
  eden space 133120K, 0% used [0x00000000d5c00000,0x00000000d5c00000,0x00000000dde00000)
  from space 8192K, 99% used [0x00000000dde00000,0x00000000de5fdbb0,0x00000000de600000)
  to   space 10752K, 0% used [0x00000000e5b00000,0x00000000e5b00000,0x00000000e6580000)
 ParOldGen       total 46080K, used 9822K [0x0000000081400000, 0x0000000084100000, 0x00000000d5c00000)
  object space 46080K, 21% used [0x0000000081400000,0x0000000081d97988,0x0000000084100000)
 Metaspace       used 30501K, capacity 32232K, committed 32512K, reserved 1077248K
  class space    used 3934K, capacity 4228K, committed 4352K, reserved 1048576K
}

