# JRE version: Java(TM) SE Runtime Environment (8.0_111-b14) (build 1.8.0_111-b14)
# Java VM: Java HotSpot(TM) 64-Bit Server VM (25.111-b14 mixed mode windows-amd64 compressed oops)
Heap:
 PSYoungGen      total 372736K, used 233412K [0x00000000d5c00000, 0x00000000f7800000, 0x0000000100000000)
  eden space 355840K, 60% used [0x00000000d5c00000,0x00000000e2f86c20,0x00000000eb780000)
  from space 16896K, 99% used [0x00000000eb780000,0x00000000ec7ea498,0x00000000ec800000)
  to   space 19456K, 0% used [0x00000000f6500000,0x00000000f6500000,0x00000000f7800000)
 ParOldGen       total 94208K, used 33093K [0x0000000081400000, 0x0000000087000000, 0x00000000d5c00000)
  object space 94208K, 35% used [0x0000000081400000,0x00000000834516c8,0x0000000087000000)
 Metaspace       used 59966K, capacity 63286K, committed 63360K, reserved 1103872K
  class space    used 7768K, capacity 8285K, committed 8320K, reserved 1048576K
GC Heap History (10 events):
Event: 6.920 GC heap before
{Heap before GC invocations=10 (full 1):
 PSYoungGen      total 251904K, used 37068K [0x00000000d5c00000, 0x00000000e7000000, 0x0000000100000000)
  eden space 243712K, 11% used [0x00000000d5c00000,0x00000000d7836540,0x00000000e4a00000)
  from space 8192K, 99% used [0x00000000e6800000,0x00000000e6ffcb20,0x00000000e7000000)
  to   space 10752K, 0% used [0x00000000e5b00000,0x00000000e5b00000,0x00000000e6580000)
 ParOldGen       total 47104K, used 9040K [0x0000000081400000, 0x0000000084200000, 0x00000000d5c00000)
  object space 47104K, 19% used [0x0000000081400000,0x0000000081cd4110,0x0000000084200000)
 Metaspace       used 33481K, capacity 35314K, committed 35416K, reserved 1081344K
  class space    used 4245K, capacity 4575K, committed 4608K, reserved 1048576K
Event: 6.947 GC heap after
Heap after GC invocations=10 (full 1):
 PSYoungGen      total 271872K, used 7890K [0x00000000d5c00000, 0x00000000ed280000, 0x0000000100000000)
  eden space 261120K, 0% used [0x00000000d5c00000,0x00000000d5c00000,0x00000000e5b00000)
  from space 10752K, 73% used [0x00000000e5b00000,0x00000000e62b48a0,0x00000000e6580000)
  to   space 10752K, 0% used [0x00000000ec800000,0x00000000ec800000,0x00000000ed280000)
 ParOldGen       total 47104K, used 9048K [0x0000000081400000, 0x0000000084200000, 0x00000000d5c00000)
  object space 47104K, 19% used [0x0000000081400000,0x0000000081cd6110,0x0000000084200000)
 Metaspace       used 33481K, capacity 35314K, committed 35416K, reserved 1081344K
  class space    used 4245K, capacity 4575K, committed 4608K, reserved 1048576K
}
Event: 6.947 GC heap before
{Heap before GC invocations=11 (full 2):
 PSYoungGen      total 271872K, used 7890K [0x00000000d5c00000, 0x00000000ed280000, 0x0000000100000000)
  eden space 261120K, 0% used [0x00000000d5c00000,0x00000000d5c00000,0x00000000e5b00000)
  from space 10752K, 73% used [0x00000000e5b00000,0x00000000e62b48a0,0x00000000e6580000)
  to   space 10752K, 0% used [0x00000000ec800000,0x00000000ec800000,0x00000000ed280000)
 ParOldGen       total 47104K, used 9048K [0x0000000081400000, 0x0000000084200000, 0x00000000d5c00000)
  object space 47104K, 19% used [0x0000000081400000,0x0000000081cd6110,0x0000000084200000)
 Metaspace       used 33481K, capacity 35314K, committed 35416K, reserved 1081344K
  class space    used 4245K, capacity 4575K, committed 4608K, reserved 1048576K
Event: 7.020 GC heap after
Heap after GC invocations=11 (full 2):
 PSYoungGen      total 271872K, used 0K [0x00000000d5c00000, 0x00000000ed280000, 0x0000000100000000)
  eden space 261120K, 0% used [0x00000000d5c00000,0x00000000d5c00000,0x00000000e5b00000)
  from space 10752K, 0% used [0x00000000e5b00000,0x00000000e5b00000,0x00000000e6580000)
  to   space 10752K, 0% used [0x00000000ec800000,0x00000000ec800000,0x00000000ed280000)
 ParOldGen       total 64000K, used 12902K [0x0000000081400000, 0x0000000085280000, 0x00000000d5c00000)
  object space 64000K, 20% used [0x0000000081400000,0x0000000082099890,0x0000000085280000)
 Metaspace       used 33481K, capacity 35314K, committed 35416K, reserved 1081344K
  class space    used 4245K, capacity 4575K, committed 4608K, reserved 1048576K
}
Event: 476.747 GC heap before
{Heap before GC invocations=12 (full 2):
 PSYoungGen      total 271872K, used 209285K [0x00000000d5c00000, 0x00000000ed280000, 0x0000000100000000)
  eden space 261120K, 80% used [0x00000000d5c00000,0x00000000e2861658,0x00000000e5b00000)
  from space 10752K, 0% used [0x00000000e5b00000,0x00000000e5b00000,0x00000000e6580000)
  to   space 10752K, 0% used [0x00000000ec800000,0x00000000ec800000,0x00000000ed280000)
 ParOldGen       total 64000K, used 12902K [0x0000000081400000, 0x0000000085280000, 0x00000000d5c00000)
  object space 64000K, 20% used [0x0000000081400000,0x0000000082099890,0x0000000085280000)
 Metaspace       used 55790K, capacity 58934K, committed 59028K, reserved 1099776K
  class space    used 7599K, capacity 8105K, committed 8192K, reserved 1048576K
Event: 476.790 GC heap after
Heap after GC invocations=12 (full 2):
 PSYoungGen      total 366592K, used 10730K [0x00000000d5c00000, 0x00000000eea80000, 0x0000000100000000)
  eden space 355840K, 0% used [0x00000000d5c00000,0x00000000d5c00000,0x00000000eb780000)
  from space 10752K, 99% used [0x00000000ec800000,0x00000000ed27ab50,0x00000000ed280000)
  to   space 16896K, 0% used [0x00000000eb780000,0x00000000eb780000,0x00000000ec800000)
 ParOldGen       total 64000K, used 26622K [0x0000000081400000, 0x0000000085280000, 0x00000000d5c00000)
  object space 64000K, 41% used [0x0000000081400000,0x0000000082dff898,0x0000000085280000)
 Metaspace       used 55790K, capacity 58934K, committed 59028K, reserved 1099776K
  class space    used 7599K, capacity 8105K, committed 8192K, reserved 1048576K
}
Event: 476.790 GC heap before
{Heap before GC invocations=13 (full 3):
 PSYoungGen      total 366592K, used 10730K [0x00000000d5c00000, 0x00000000eea80000, 0x0000000100000000)
  eden space 355840K, 0% used [0x00000000d5c00000,0x00000000d5c00000,0x00000000eb780000)
  from space 10752K, 99% used [0x00000000ec800000,0x00000000ed27ab50,0x00000000ed280000)
  to   space 16896K, 0% used [0x00000000eb780000,0x00000000eb780000,0x00000000ec800000)
 ParOldGen       total 64000K, used 26622K [0x0000000081400000, 0x0000000085280000, 0x00000000d5c00000)
  object space 64000K, 41% used [0x0000000081400000,0x0000000082dff898,0x0000000085280000)
 Metaspace       used 55790K, capacity 58934K, committed 59028K, reserved 1099776K
  class space    used 7599K, capacity 8105K, committed 8192K, reserved 1048576K
Event: 477.046 GC heap after
Heap after GC invocations=13 (full 3):
 PSYoungGen      total 366592K, used 0K [0x00000000d5c00000, 0x00000000eea80000, 0x0000000100000000)
  eden space 355840K, 0% used [0x00000000d5c00000,0x00000000d5c00000,0x00000000eb780000)
  from space 10752K, 0% used [0x00000000ec800000,0x00000000ec800000,0x00000000ed280000)
  to   space 16896K, 0% used [0x00000000eb780000,0x00000000eb780000,0x00000000ec800000)
 ParOldGen       total 94208K, used 33085K [0x0000000081400000, 0x0000000087000000, 0x00000000d5c00000)
  object space 94208K, 35% used [0x0000000081400000,0x000000008344f6c8,0x0000000087000000)
 Metaspace       used 55790K, capacity 58934K, committed 59028K, reserved 1099776K
  class space    used 7599K, capacity 8105K, committed 8192K, reserved 1048576K
}
Event: 44481.168 GC heap before
{Heap before GC invocations=14 (full 3):
 PSYoungGen      total 366592K, used 355840K [0x00000000d5c00000, 0x00000000eea80000, 0x0000000100000000)
  eden space 355840K, 100% used [0x00000000d5c00000,0x00000000eb780000,0x00000000eb780000)
  from space 10752K, 0% used [0x00000000ec800000,0x00000000ec800000,0x00000000ed280000)
  to   space 16896K, 0% used [0x00000000eb780000,0x00000000eb780000,0x00000000ec800000)
 ParOldGen       total 94208K, used 33085K [0x0000000081400000, 0x0000000087000000, 0x00000000d5c00000)
  object space 94208K, 35% used [0x0000000081400000,0x000000008344f6c8,0x0000000087000000)
 Metaspace       used 59419K, capacity 62670K, committed 62848K, reserved 1103872K
  class space    used 7730K, capacity 8267K, committed 8320K, reserved 1048576K
Event: 44483.132 GC heap after
Heap after GC invocations=14 (full 3):
 PSYoungGen      total 372736K, used 16809K [0x00000000d5c00000, 0x00000000f7800000, 0x0000000100000000)
  eden space 355840K, 0% used [0x00000000d5c00000,0x00000000d5c00000,0x00000000eb780000)
  from space 16896K, 99% used [0x00000000eb780000,0x00000000ec7ea498,0x00000000ec800000)
  to   space 19456K, 0% used [0x00000000f6500000,0x00000000f6500000,0x00000000f7800000)
 ParOldGen       total 94208K, used 33093K [0x0000000081400000, 0x0000000087000000, 0x00000000d5c00000)
  object space 94208K, 35% used [0x0000000081400000,0x00000000834516c8,0x0000000087000000)
 Metaspace       used 59419K, capacity 62670K, committed 62848K, reserved 1103872K
  class space    used 7730K, capacity 8267K, committed 8320K, reserved 1048576K
}

