# JRE version: Java(TM) SE Runtime Environment (8.0_111-b14) (build 1.8.0_111-b14)
# Java VM: Java HotSpot(TM) 64-Bit Server VM (25.111-b14 mixed mode windows-amd64 compressed oops)
Heap:
 PSYoungGen      total 38400K, used 9777K [0x00000000d5c00000, 0x00000000d9780000, 0x0000000100000000)
  eden space 33280K, 22% used [0x00000000d5c00000,0x00000000d63483a8,0x00000000d7c80000)
  from space 5120K, 45% used [0x00000000d7c80000,0x00000000d7ec41f0,0x00000000d8180000)
  to   space 5120K, 0% used [0x00000000d8180000,0x00000000d8180000,0x00000000d8680000)
 ParOldGen       total 54272K, used 3253K [0x0000000081400000, 0x0000000084900000, 0x00000000d5c00000)
  object space 54272K, 5% used [0x0000000081400000,0x000000008172d5d0,0x0000000084900000)
 Metaspace       used 18878K, capacity 19632K, committed 19840K, reserved 1069056K
  class space    used 2387K, capacity 2574K, committed 2688K, reserved 1048576K
GC Heap History (10 events):
Event: 1.764 GC heap before
{Heap before GC invocations=2 (full 0):
 PSYoungGen      total 38400K, used 38286K [0x00000000d5c00000, 0x00000000d8680000, 0x0000000100000000)
  eden space 33280K, 100% used [0x00000000d5c00000,0x00000000d7c80000,0x00000000d7c80000)
  from space 5120K, 97% used [0x00000000d7c80000,0x00000000d81639f0,0x00000000d8180000)
  to   space 5120K, 0% used [0x00000000d8180000,0x00000000d8180000,0x00000000d8680000)
 ParOldGen       total 87552K, used 16K [0x0000000081400000, 0x0000000086980000, 0x00000000d5c00000)
  object space 87552K, 0% used [0x0000000081400000,0x0000000081404000,0x0000000086980000)
 Metaspace       used 14576K, capacity 15076K, committed 15232K, reserved 1062912K
  class space    used 1798K, capacity 1912K, committed 1920K, reserved 1048576K
Event: 1.774 GC heap after
Heap after GC invocations=2 (full 0):
 PSYoungGen      total 38400K, used 5100K [0x00000000d5c00000, 0x00000000d8680000, 0x0000000100000000)
  eden space 33280K, 0% used [0x00000000d5c00000,0x00000000d5c00000,0x00000000d7c80000)
  from space 5120K, 99% used [0x00000000d8180000,0x00000000d867b108,0x00000000d8680000)
  to   space 5120K, 0% used [0x00000000d7c80000,0x00000000d7c80000,0x00000000d8180000)
 ParOldGen       total 87552K, used 2079K [0x0000000081400000, 0x0000000086980000, 0x00000000d5c00000)
  object space 87552K, 2% used [0x0000000081400000,0x0000000081607f48,0x0000000086980000)
 Metaspace       used 14576K, capacity 15076K, committed 15232K, reserved 1062912K
  class space    used 1798K, capacity 1912K, committed 1920K, reserved 1048576K
}
Event: 1.920 GC heap before
{Heap before GC invocations=3 (full 0):
 PSYoungGen      total 38400K, used 9715K [0x00000000d5c00000, 0x00000000d8680000, 0x0000000100000000)
  eden space 33280K, 13% used [0x00000000d5c00000,0x00000000d6081bb8,0x00000000d7c80000)
  from space 5120K, 99% used [0x00000000d8180000,0x00000000d867b108,0x00000000d8680000)
  to   space 5120K, 0% used [0x00000000d7c80000,0x00000000d7c80000,0x00000000d8180000)
 ParOldGen       total 87552K, used 2079K [0x0000000081400000, 0x0000000086980000, 0x00000000d5c00000)
  object space 87552K, 2% used [0x0000000081400000,0x0000000081607f48,0x0000000086980000)
 Metaspace       used 15054K, capacity 15528K, committed 15616K, reserved 1067008K
  class space    used 1879K, capacity 2004K, committed 2048K, reserved 1048576K
Event: 1.924 GC heap after
Heap after GC invocations=3 (full 0):
 PSYoungGen      total 38400K, used 3346K [0x00000000d5c00000, 0x00000000d8680000, 0x0000000100000000)
  eden space 33280K, 0% used [0x00000000d5c00000,0x00000000d5c00000,0x00000000d7c80000)
  from space 5120K, 65% used [0x00000000d7c80000,0x00000000d7fc4ad8,0x00000000d8180000)
  to   space 5120K, 0% used [0x00000000d8180000,0x00000000d8180000,0x00000000d8680000)
 ParOldGen       total 87552K, used 2087K [0x0000000081400000, 0x0000000086980000, 0x00000000d5c00000)
  object space 87552K, 2% used [0x0000000081400000,0x0000000081609f48,0x0000000086980000)
 Metaspace       used 15054K, capacity 15528K, committed 15616K, reserved 1067008K
  class space    used 1879K, capacity 2004K, committed 2048K, reserved 1048576K
}
Event: 1.924 GC heap before
{Heap before GC invocations=4 (full 1):
 PSYoungGen      total 38400K, used 3346K [0x00000000d5c00000, 0x00000000d8680000, 0x0000000100000000)
  eden space 33280K, 0% used [0x00000000d5c00000,0x00000000d5c00000,0x00000000d7c80000)
  from space 5120K, 65% used [0x00000000d7c80000,0x00000000d7fc4ad8,0x00000000d8180000)
  to   space 5120K, 0% used [0x00000000d8180000,0x00000000d8180000,0x00000000d8680000)
 ParOldGen       total 87552K, used 2087K [0x0000000081400000, 0x0000000086980000, 0x00000000d5c00000)
  object space 87552K, 2% used [0x0000000081400000,0x0000000081609f48,0x0000000086980000)
 Metaspace       used 15054K, capacity 15528K, committed 15616K, reserved 1067008K
  class space    used 1879K, capacity 2004K, committed 2048K, reserved 1048576K
Event: 1.954 GC heap after
Heap after GC invocations=4 (full 1):
 PSYoungGen      total 38400K, used 0K [0x00000000d5c00000, 0x00000000d8680000, 0x0000000100000000)
  eden space 33280K, 0% used [0x00000000d5c00000,0x00000000d5c00000,0x00000000d7c80000)
  from space 5120K, 0% used [0x00000000d7c80000,0x00000000d7c80000,0x00000000d8180000)
  to   space 5120K, 0% used [0x00000000d8180000,0x00000000d8180000,0x00000000d8680000)
 ParOldGen       total 54272K, used 3245K [0x0000000081400000, 0x0000000084900000, 0x00000000d5c00000)
  object space 54272K, 5% used [0x0000000081400000,0x000000008172b5d0,0x0000000084900000)
 Metaspace       used 15052K, capacity 15522K, committed 15616K, reserved 1064960K
  class space    used 1879K, capacity 2003K, committed 2048K, reserved 1048576K
}
Event: 2.781 GC heap before
{Heap before GC invocations=5 (full 1):
 PSYoungGen      total 38400K, used 33271K [0x00000000d5c00000, 0x00000000d8680000, 0x0000000100000000)
  eden space 33280K, 99% used [0x00000000d5c00000,0x00000000d7c7df80,0x00000000d7c80000)
  from space 5120K, 0% used [0x00000000d7c80000,0x00000000d7c80000,0x00000000d8180000)
  to   space 5120K, 0% used [0x00000000d8180000,0x00000000d8180000,0x00000000d8680000)
 ParOldGen       total 54272K, used 3245K [0x0000000081400000, 0x0000000084900000, 0x00000000d5c00000)
  object space 54272K, 5% used [0x0000000081400000,0x000000008172b5d0,0x0000000084900000)
 Metaspace       used 18066K, capacity 18746K, committed 18944K, reserved 1067008K
  class space    used 2295K, capacity 2453K, committed 2560K, reserved 1048576K
Event: 2.788 GC heap after
Heap after GC invocations=5 (full 1):
 PSYoungGen      total 38400K, used 3632K [0x00000000d5c00000, 0x00000000d9780000, 0x0000000100000000)
  eden space 33280K, 0% used [0x00000000d5c00000,0x00000000d5c00000,0x00000000d7c80000)
  from space 5120K, 70% used [0x00000000d8180000,0x00000000d850c398,0x00000000d8680000)
  to   space 5120K, 0% used [0x00000000d7c80000,0x00000000d7c80000,0x00000000d8180000)
 ParOldGen       total 54272K, used 3253K [0x0000000081400000, 0x0000000084900000, 0x00000000d5c00000)
  object space 54272K, 5% used [0x0000000081400000,0x000000008172d5d0,0x0000000084900000)
 Metaspace       used 18066K, capacity 18746K, committed 18944K, reserved 1067008K
  class space    used 2295K, capacity 2453K, committed 2560K, reserved 1048576K
}
Event: 2.948 GC heap before
{Heap before GC invocations=6 (full 1):
 PSYoungGen      total 38400K, used 36912K [0x00000000d5c00000, 0x00000000d9780000, 0x0000000100000000)
  eden space 33280K, 100% used [0x00000000d5c00000,0x00000000d7c80000,0x00000000d7c80000)
  from space 5120K, 70% used [0x00000000d8180000,0x00000000d850c398,0x00000000d8680000)
  to   space 5120K, 0% used [0x00000000d7c80000,0x00000000d7c80000,0x00000000d8180000)
 ParOldGen       total 54272K, used 3253K [0x0000000081400000, 0x0000000084900000, 0x00000000d5c00000)
  object space 54272K, 5% used [0x0000000081400000,0x000000008172d5d0,0x0000000084900000)
 Metaspace       used 18639K, capacity 19340K, committed 19456K, reserved 1067008K
  class space    used 2354K, capacity 2526K, committed 2560K, reserved 1048576K
Event: 2.952 GC heap after
Heap after GC invocations=6 (full 1):
 PSYoungGen      total 38400K, used 2320K [0x00000000d5c00000, 0x00000000d9780000, 0x0000000100000000)
  eden space 33280K, 0% used [0x00000000d5c00000,0x00000000d5c00000,0x00000000d7c80000)
  from space 5120K, 45% used [0x00000000d7c80000,0x00000000d7ec41f0,0x00000000d8180000)
  to   space 5120K, 0% used [0x00000000d8180000,0x00000000d8180000,0x00000000d8680000)
 ParOldGen       total 54272K, used 3253K [0x0000000081400000, 0x0000000084900000, 0x00000000d5c00000)
  object space 54272K, 5% used [0x0000000081400000,0x000000008172d5d0,0x0000000084900000)
 Metaspace       used 18639K, capacity 19340K, committed 19456K, reserved 1067008K
  class space    used 2354K, capacity 2526K, committed 2560K, reserved 1048576K
}

